==============================================================
File generated by Vivado(TM) HLS - High-Level Synthesis from C, C++ and SystemC
Version: 2016.1
Copyright (C) 1986-2016 Xilinx, Inc. All Rights Reserved.

==============================================================

@I [SYN-201] Setting up clock 'default' with a period of 10ns.
@I [HLS-10] Setting target device to 'xc7z010clg400-1'
@I [COSIM-47] Using XSIM for RTL simulation.
@I [COSIM-14] Instrumenting C test bench ...
@W [COSIM-369] AXI_master port 'feature_in' has a depth of '1'. Insufficient depth may result in simulation mismatch or freeze.
@W [COSIM-369] AXI_master port 'W' has a depth of '1'. Insufficient depth may result in simulation mismatch or freeze.
@W [COSIM-369] AXI_master port 'bias' has a depth of '1'. Insufficient depth may result in simulation mismatch or freeze.
@W [COSIM-369] AXI_master port 'feature_out' has a depth of '1'. Insufficient depth may result in simulation mismatch or freeze.
@I [COSIM-302] Starting C TB testing ... 
@I [COSIM-333] Generating C post check test bench ...
@I [COSIM-12] Generating RTL test bench ...
@I [COSIM-323] Starting verilog simulation. 
@I [COSIM-15] Starting XSIM ...
@E [COSIM-303] Aborting co-simulation: RTL simulation failed.  
@E [COSIM-344] Rtl simulation failed.
@E [COSIM-4] *** C/RTL co-simulation finished: FAIL ***
could not read "C:/Users/Caiyujie/Desktop/gongkaike/hls/conv_core/solution1/sim/tv/rtldatafile/sim/report/cosim.log": no such file or directory
    while executing
"source C:/Users/Caiyujie/Desktop/gongkaike/hls/conv_core/solution1/cosim.tcl"
    invoked from within
"hls::main C:/Users/Caiyujie/Desktop/gongkaike/hls/conv_core/solution1/cosim.tcl"
    ("uplevel" body line 1)
    invoked from within
"uplevel 1 hls::main {*}$args"
    (procedure "hls_proc" line 5)
    invoked from within
"hls_proc $argv"
==============================================================
File generated on Sun Aug 02 23:08:14 +0800 2020
Vivado(TM) HLS - High-Level Synthesis from C, C++ and SystemC v2018.3 (64-bit)
SW Build 2405991 on Thu Dec  6 23:38:27 MST 2018
IP Build 2404404 on Fri Dec  7 01:43:56 MST 2018
Copyright 1986-2018 Xilinx, Inc. All Rights Reserved.
==============================================================
INFO: [SYN 201-201] Setting up clock 'default' with a period of 10ns.
INFO: [HLS 200-10] Setting target device to 'xc7z010clg400-1'
INFO: [SYN 201-201] Setting up clock 'default' with a period of 10ns.
INFO: [SCHED 204-61] Option 'relax_ii_for_timing' is enabled, will increase II to preserve clock frequency constraints.
INFO: [HLS 200-10] Analyzing design file 'conv_core/conv_core.cpp' ... 
WARNING: [HLS 200-40] In file included from conv_core/conv_core.cpp:1:
conv_core/conv_core.cpp:68:16: warning: & has lower precedence than <; < will be evaluated first [-Wparentheses]
    if(relu_en & sum<0)
               ^~~~~~~
conv_core/conv_core.cpp:68:16: note: place parentheses around the < expression to silence this warning
    if(relu_en & sum<0)
               ^
                 (    )
conv_core/conv_core.cpp:68:16: note: place parentheses around the & expression to evaluate it first
    if(relu_en & sum<0)
               ^
       (            )
1 warning generated.
INFO: [HLS 200-111] Finished Linking Time (s): cpu = 00:00:01 ; elapsed = 00:00:11 . Memory (MB): peak = 102.598 ; gain = 17.285
INFO: [HLS 200-111] Finished Checking Pragmas Time (s): cpu = 00:00:01 ; elapsed = 00:00:11 . Memory (MB): peak = 102.598 ; gain = 17.285
INFO: [HLS 200-10] Starting code transformations ...
INFO: [HLS 200-111] Finished Standard Transforms Time (s): cpu = 00:00:02 ; elapsed = 00:00:12 . Memory (MB): peak = 122.941 ; gain = 37.629
INFO: [HLS 200-10] Checking synthesizability ...
INFO: [HLS 200-111] Finished Checking Synthesizability Time (s): cpu = 00:00:02 ; elapsed = 00:00:12 . Memory (MB): peak = 134.605 ; gain = 49.293
INFO: [XFORM 203-401] Performing if-conversion on hyperblock to (conv_core/conv_core.cpp:41:16) in function 'Conv'... converting 3 basic blocks.
INFO: [HLS 200-111] Finished Pre-synthesis Time (s): cpu = 00:00:02 ; elapsed = 00:00:13 . Memory (MB): peak = 167.508 ; gain = 82.195
INFO: [HLS 200-111] Finished Architecture Synthesis Time (s): cpu = 00:00:02 ; elapsed = 00:00:13 . Memory (MB): peak = 170.609 ; gain = 85.297
INFO: [HLS 200-10] Starting hardware synthesis ...
INFO: [HLS 200-10] Synthesizing 'Conv' ...
INFO: [HLS 200-10] ----------------------------------------------------------------
INFO: [HLS 200-42] -- Implementing module 'Conv' 
INFO: [HLS 200-10] ----------------------------------------------------------------
INFO: [SCHED 204-11] Starting scheduling ...
INFO: [SCHED 204-11] Finished scheduling.
INFO: [HLS 200-111]  Elapsed time: 13.523 seconds; current allocated memory: 119.252 MB.
INFO: [HLS 200-434] Only 0 loops out of a total 6 loops have been pipelined in this design.
INFO: [BIND 205-100] Starting micro-architecture generation ...
INFO: [BIND 205-101] Performing variable lifetime analysis.
INFO: [BIND 205-101] Exploring resource sharing.
INFO: [BIND 205-101] Binding ...
INFO: [BIND 205-100] Finished micro-architecture generation.
INFO: [HLS 200-111]  Elapsed time: 0.242 seconds; current allocated memory: 120.383 MB.
INFO: [HLS 200-10] ----------------------------------------------------------------
INFO: [HLS 200-10] -- Generating RTL for module 'Conv' 
INFO: [HLS 200-10] ----------------------------------------------------------------
INFO: [RTGEN 206-500] Setting interface mode on port 'Conv/gmem' to 'm_axi'.
INFO: [RTGEN 206-500] Setting interface mode on port 'Conv/CHin_V' to 's_axilite & ap_none'.
INFO: [RTGEN 206-500] Setting interface mode on port 'Conv/Hin_V' to 's_axilite & ap_none'.
INFO: [RTGEN 206-500] Setting interface mode on port 'Conv/Win_V' to 's_axilite & ap_none'.
INFO: [RTGEN 206-500] Setting interface mode on port 'Conv/CHout_V' to 's_axilite & ap_none'.
INFO: [RTGEN 206-500] Setting interface mode on port 'Conv/Kx_V' to 's_axilite & ap_none'.
INFO: [RTGEN 206-500] Setting interface mode on port 'Conv/Ky_V' to 's_axilite & ap_none'.
INFO: [RTGEN 206-500] Setting interface mode on port 'Conv/Sx_V' to 's_axilite & ap_none'.
INFO: [RTGEN 206-500] Setting interface mode on port 'Conv/Sy_V' to 's_axilite & ap_none'.
INFO: [RTGEN 206-500] Setting interface mode on port 'Conv/mode_V' to 's_axilite & ap_none'.
INFO: [RTGEN 206-500] Setting interface mode on port 'Conv/relu_en_V' to 's_axilite & ap_none'.
INFO: [RTGEN 206-500] Setting interface mode on port 'Conv/feature_in' to 's_axilite & ap_none'.
INFO: [RTGEN 206-500] Setting interface mode on port 'Conv/W' to 's_axilite & ap_none'.
INFO: [RTGEN 206-500] Setting interface mode on port 'Conv/bias' to 's_axilite & ap_none'.
INFO: [RTGEN 206-500] Setting interface mode on port 'Conv/feature_out' to 's_axilite & ap_none'.
INFO: [RTGEN 206-500] Setting interface mode on function 'Conv' to 's_axilite & ap_ctrl_hs'.
INFO: [RTGEN 206-100] Bundling port 'return', 'CHin_V', 'Hin_V', 'Win_V', 'CHout_V', 'Kx_V', 'Ky_V', 'Sx_V', 'Sy_V', 'mode_V', 'relu_en_V', 'feature_in', 'W', 'bias' and 'feature_out' to AXI-Lite port AXILiteS.
INFO: [SYN 201-210] Renamed object name 'Conv_fadd_32ns_32ns_32_5_full_dsp_1' to 'Conv_fadd_32ns_32bkb' due to the length limit 20
INFO: [SYN 201-210] Renamed object name 'Conv_fmul_32ns_32ns_32_4_max_dsp_1' to 'Conv_fmul_32ns_32cud' due to the length limit 20
INFO: [SYN 201-210] Renamed object name 'Conv_fcmp_32ns_32ns_1_1_1' to 'Conv_fcmp_32ns_32dEe' due to the length limit 20
INFO: [SYN 201-210] Renamed object name 'Conv_sdiv_19s_9ns_16_23_seq_1' to 'Conv_sdiv_19s_9nseOg' due to the length limit 20
INFO: [SYN 201-210] Renamed object name 'Conv_mul_mul_16ns_16ns_32_1_1' to 'Conv_mul_mul_16nsfYi' due to the length limit 20
INFO: [SYN 201-210] Renamed object name 'Conv_mul_mul_16s_16ns_32_1_1' to 'Conv_mul_mul_16s_g8j' due to the length limit 20
INFO: [SYN 201-210] Renamed object name 'Conv_mac_muladd_16s_16ns_48ns_48_1_1' to 'Conv_mac_muladd_1hbi' due to the length limit 20
INFO: [RTGEN 206-100] Generating core module 'Conv_fadd_32ns_32bkb': 1 instance(s).
INFO: [RTGEN 206-100] Generating core module 'Conv_fcmp_32ns_32dEe': 1 instance(s).
INFO: [RTGEN 206-100] Generating core module 'Conv_fmul_32ns_32cud': 1 instance(s).
INFO: [RTGEN 206-100] Generating core module 'Conv_mac_muladd_1hbi': 1 instance(s).
INFO: [RTGEN 206-100] Generating core module 'Conv_mul_mul_16nsfYi': 2 instance(s).
INFO: [RTGEN 206-100] Generating core module 'Conv_mul_mul_16s_g8j': 1 instance(s).
INFO: [RTGEN 206-100] Generating core module 'Conv_sdiv_19s_9nseOg': 2 instance(s).
INFO: [RTGEN 206-100] Finished creating RTL model for 'Conv'.
INFO: [HLS 200-111]  Elapsed time: 0.525 seconds; current allocated memory: 122.536 MB.
INFO: [RTMG 210-282] Generating pipelined core: 'Conv_sdiv_19s_9nseOg_div'
INFO: [HLS 200-111] Finished generating all RTL models Time (s): cpu = 00:00:04 ; elapsed = 00:00:17 . Memory (MB): peak = 180.426 ; gain = 95.113
INFO: [SYSC 207-301] Generating SystemC RTL for Conv.
INFO: [VHDL 208-304] Generating VHDL RTL for Conv.
INFO: [VLOG 209-307] Generating Verilog RTL for Conv.
INFO: [HLS 200-112] Total elapsed time: 17.33 seconds; peak allocated memory: 122.536 MB.
